<?xml version="1.0" encoding="UTF-8"?>
<!-- Generated by org.testng.reporters.JUnitReportReporter -->
<testsuite skipped="0" hostname="DESKTOP-A5NO5OP" name="com.demowebshop.testscripts.HomeTest" tests="1" failures="0" timestamp="2021-11-25T15:29:49 IST" time="10.413" errors="0">
  <testcase name="verifyHomePageTitle" time="10.413" classname="com.demowebshop.testscripts.HomeTest"/>
  <system-out/>
</testsuite> <!-- com.demowebshop.testscripts.HomeTest -->
