<?xml version="1.0" encoding="UTF-8"?>
<!-- Generated by org.testng.reporters.JUnitReportReporter -->
<testsuite skipped="0" hostname="DESKTOP-A5NO5OP" name="com.demowebshop.testscripts.RegisterTest" tests="1" failures="0" timestamp="2021-11-25T20:10:51 IST" time="8.092" errors="0">
  <testcase name="verifyUserRegistration" time="8.092" classname="com.demowebshop.testscripts.RegisterTest"/>
  <system-out/>
</testsuite> <!-- com.demowebshop.testscripts.RegisterTest -->
