<?xml version="1.0" encoding="UTF-8"?>
<!-- Generated by org.testng.reporters.JUnitReportReporter -->
<testsuite skipped="0" hostname="DESKTOP-A5NO5OP" name="com.demowebshop.testscripts.RegisterTest" tests="1" failures="0" timestamp="2021-11-24T16:45:41 IST" time="6.393" errors="0">
  <testcase name="verifyUserRegistration" time="6.393" classname="com.demowebshop.testscripts.RegisterTest"/>
  <system-out/>
</testsuite> <!-- com.demowebshop.testscripts.RegisterTest -->
