<?xml version="1.0" encoding="UTF-8"?>
<!-- Generated by org.testng.reporters.JUnitReportReporter -->
<testsuite skipped="0" hostname="DESKTOP-A5NO5OP" name="com.demowebshop.testscripts.HomeTest" tests="1" failures="0" timestamp="2021-11-25T09:00:39 IST" time="14.758" errors="0">
  <testcase name="verifyHomePageTitle" time="14.758" classname="com.demowebshop.testscripts.HomeTest"/>
  <system-out/>
</testsuite> <!-- com.demowebshop.testscripts.HomeTest -->
