<?xml version="1.0" encoding="UTF-8"?>
<!-- Generated by org.testng.reporters.JUnitReportReporter -->
<testsuite skipped="0" hostname="DESKTOP-A5NO5OP" name="com.demowebshop.testscripts.LoginTest" tests="1" failures="0" timestamp="2021-11-25T21:39:32 IST" time="5.363" errors="0">
  <testcase name="verifyUserLogin" time="5.363" classname="com.demowebshop.testscripts.LoginTest"/>
  <system-out/>
</testsuite> <!-- com.demowebshop.testscripts.LoginTest -->
