<?xml version="1.0" encoding="UTF-8"?>
<!-- Generated by org.testng.reporters.JUnitReportReporter -->
<testsuite skipped="0" hostname="DESKTOP-A5NO5OP" name="com.demowebshop.testscripts.HomeTest" tests="1" failures="0" timestamp="2021-11-24T15:06:31 IST" time="12.666" errors="0">
  <testcase name="verifyHomePageTitle" time="12.666" classname="com.demowebshop.testscripts.HomeTest"/>
  <system-out/>
</testsuite> <!-- com.demowebshop.testscripts.HomeTest -->
